2020-01-07 15:58:27,121 INFO org.springframework.boot.StartupInfoLogger [main] Starting ServiceLauncher on krishnakv-m01.vmware.com with PID 94416 (/Users/krishnakumarv/Work/rest-service/target/classes started by krishnakumarv in /Users/krishnakumarv/Work/rest-service)
2020-01-07 15:58:27,124 DEBUG org.springframework.boot.StartupInfoLogger [main] Running with Spring Boot v2.2.2.RELEASE, Spring v5.2.2.RELEASE
2020-01-07 15:58:27,125 INFO org.springframework.boot.SpringApplication [main] No active profile set, falling back to default profiles: default
2020-01-07 15:58:27,821 INFO org.springframework.boot.web.embedded.tomcat.TomcatWebServer [main] Tomcat initialized with port(s): 8080 (http)
2020-01-07 15:58:27,827 INFO org.apache.juli.logging.DirectJDKLog [main] Initializing ProtocolHandler ["http-nio-8080"]
2020-01-07 15:58:27,828 INFO org.apache.juli.logging.DirectJDKLog [main] Starting service [Tomcat]
2020-01-07 15:58:27,828 INFO org.apache.juli.logging.DirectJDKLog [main] Starting Servlet engine: [Apache Tomcat/9.0.29]
2020-01-07 15:58:27,880 INFO org.apache.juli.logging.DirectJDKLog [main] Initializing Spring embedded WebApplicationContext
2020-01-07 15:58:27,881 INFO org.springframework.boot.web.servlet.context.ServletWebServerApplicationContext [main] Root WebApplicationContext: initialization completed in 710 ms
2020-01-07 15:58:28,034 INFO org.springframework.scheduling.concurrent.ExecutorConfigurationSupport [main] Initializing ExecutorService 'applicationTaskExecutor'
2020-01-07 15:58:28,150 INFO org.apache.juli.logging.DirectJDKLog [main] Starting ProtocolHandler ["http-nio-8080"]
2020-01-07 15:58:28,179 INFO org.springframework.boot.web.embedded.tomcat.TomcatWebServer [main] Tomcat started on port(s): 8080 (http) with context path ''
2020-01-07 15:58:28,183 INFO org.springframework.boot.StartupInfoLogger [main] Started ServiceLauncher in 1.379 seconds (JVM running for 1.79)
2020-01-07 15:58:41,091 INFO org.apache.juli.logging.DirectJDKLog [http-nio-8080-exec-1] Initializing Spring DispatcherServlet 'dispatcherServlet'
2020-01-07 15:58:41,091 INFO org.springframework.web.servlet.FrameworkServlet [http-nio-8080-exec-1] Initializing Servlet 'dispatcherServlet'
2020-01-07 15:58:41,097 INFO org.springframework.web.servlet.FrameworkServlet [http-nio-8080-exec-1] Completed initialization in 5 ms
2020-01-07 15:58:41,124 DEBUG com.myretail.restservice.controller.ProductController [http-nio-8080-exec-1] Request to get the product details for the id: 1
2020-01-07 15:58:41,126 DEBUG com.myretail.restservice.service.ProductService [http-nio-8080-exec-1] Fetching product details for id: 1
2020-01-07 15:58:41,127 DEBUG com.myretail.restservice.service.ExternalApiService [http-nio-8080-exec-1] Making rest call to url: https://redsky.target.com/v2/pdp/tcin/1?excludes=taxonomy,price,promotion,bulk_ship,rating_and_review_reviews,rating_and_review_statistics,question_answer_statistics
2020-01-07 15:58:41,536 DEBUG com.myretail.restservice.exception.handler.ApplicationExceptionHandler [http-nio-8080-exec-1] Handling Resource Not Found Exception
2020-01-07 15:58:48,291 DEBUG com.myretail.restservice.controller.ProductController [http-nio-8080-exec-2] Request to get the product details for the id: 13860428
2020-01-07 15:58:48,291 DEBUG com.myretail.restservice.service.ProductService [http-nio-8080-exec-2] Fetching product details for id: 13860428
2020-01-07 15:58:48,292 DEBUG com.myretail.restservice.service.ExternalApiService [http-nio-8080-exec-2] Making rest call to url: https://redsky.target.com/v2/pdp/tcin/13860428?excludes=taxonomy,price,promotion,bulk_ship,rating_and_review_reviews,rating_and_review_statistics,question_answer_statistics
2020-01-07 15:58:48,612 INFO com.myretail.restservice.service.ExternalApiService [http-nio-8080-exec-2] Name is: The Big Lebowski (Blu-ray)
2020-01-07 16:06:35,926 INFO org.springframework.scheduling.concurrent.ExecutorConfigurationSupport [SpringContextShutdownHook] Shutting down ExecutorService 'applicationTaskExecutor'
2020-01-07 16:06:41,250 INFO org.springframework.boot.StartupInfoLogger [main] Starting ServiceLauncher on krishnakv-m01.vmware.com with PID 96280 (/Users/krishnakumarv/Work/rest-service/target/classes started by krishnakumarv in /Users/krishnakumarv/Work/rest-service)
2020-01-07 16:06:41,253 DEBUG org.springframework.boot.StartupInfoLogger [main] Running with Spring Boot v2.2.2.RELEASE, Spring v5.2.2.RELEASE
2020-01-07 16:06:41,254 INFO org.springframework.boot.SpringApplication [main] No active profile set, falling back to default profiles: default
2020-01-07 16:06:41,824 INFO org.springframework.data.repository.config.RepositoryConfigurationDelegate [main] Bootstrapping Spring Data JPA repositories in DEFAULT mode.
2020-01-07 16:06:41,844 INFO org.springframework.data.repository.config.RepositoryConfigurationDelegate [main] Finished Spring Data repository scanning in 12ms. Found 0 JPA repository interfaces.
2020-01-07 16:06:42,069 INFO org.springframework.context.support.PostProcessorRegistrationDelegate$BeanPostProcessorChecker [main] Bean 'org.springframework.transaction.annotation.ProxyTransactionManagementConfiguration' of type [org.springframework.transaction.annotation.ProxyTransactionManagementConfiguration] is not eligible for getting processed by all BeanPostProcessors (for example: not eligible for auto-proxying)
2020-01-07 16:06:42,247 INFO org.springframework.boot.web.embedded.tomcat.TomcatWebServer [main] Tomcat initialized with port(s): 8080 (http)
2020-01-07 16:06:42,259 INFO org.apache.juli.logging.DirectJDKLog [main] Initializing ProtocolHandler ["http-nio-8080"]
2020-01-07 16:06:42,260 INFO org.apache.juli.logging.DirectJDKLog [main] Starting service [Tomcat]
2020-01-07 16:06:42,260 INFO org.apache.juli.logging.DirectJDKLog [main] Starting Servlet engine: [Apache Tomcat/9.0.29]
2020-01-07 16:06:42,336 INFO org.apache.juli.logging.DirectJDKLog [main] Initializing Spring embedded WebApplicationContext
2020-01-07 16:06:42,337 INFO org.springframework.boot.web.servlet.context.ServletWebServerApplicationContext [main] Root WebApplicationContext: initialization completed in 1045 ms
2020-01-07 16:06:42,445 INFO com.zaxxer.hikari.HikariDataSource [main] HikariPool-1 - Starting...
2020-01-07 16:06:42,637 INFO com.zaxxer.hikari.HikariDataSource [main] HikariPool-1 - Start completed.
2020-01-07 16:06:42,675 INFO org.hibernate.jpa.internal.util.LogHelper [main] HHH000204: Processing PersistenceUnitInfo [name: default]
2020-01-07 16:06:42,801 INFO org.hibernate.Version [main] HHH000412: Hibernate Core {5.4.9.Final}
2020-01-07 16:06:42,963 INFO org.hibernate.annotations.common.reflection.java.JavaReflectionManager [main] HCANN000001: Hibernate Commons Annotations {5.1.0.Final}
2020-01-07 16:06:43,043 INFO org.hibernate.dialect.Dialect [main] HHH000400: Using dialect: org.hibernate.dialect.H2Dialect
2020-01-07 16:06:43,207 INFO org.hibernate.engine.transaction.jta.platform.internal.JtaPlatformInitiator [main] HHH000490: Using JtaPlatform implementation: [org.hibernate.engine.transaction.jta.platform.internal.NoJtaPlatform]
2020-01-07 16:06:43,214 INFO org.springframework.orm.jpa.AbstractEntityManagerFactoryBean [main] Initialized JPA EntityManagerFactory for persistence unit 'default'
2020-01-07 16:06:43,321 WARN org.springframework.boot.autoconfigure.orm.jpa.JpaBaseConfiguration$JpaWebConfiguration [main] spring.jpa.open-in-view is enabled by default. Therefore, database queries may be performed during view rendering. Explicitly configure spring.jpa.open-in-view to disable this warning
2020-01-07 16:06:43,372 INFO org.springframework.scheduling.concurrent.ExecutorConfigurationSupport [main] Initializing ExecutorService 'applicationTaskExecutor'
2020-01-07 16:06:43,498 INFO org.apache.juli.logging.DirectJDKLog [main] Starting ProtocolHandler ["http-nio-8080"]
2020-01-07 16:06:43,527 INFO org.springframework.boot.web.embedded.tomcat.TomcatWebServer [main] Tomcat started on port(s): 8080 (http) with context path ''
2020-01-07 16:06:43,530 INFO org.springframework.boot.StartupInfoLogger [main] Started ServiceLauncher in 2.636 seconds (JVM running for 3.103)
2020-01-07 16:06:56,265 INFO org.apache.juli.logging.DirectJDKLog [http-nio-8080-exec-1] Initializing Spring DispatcherServlet 'dispatcherServlet'
2020-01-07 16:06:56,266 INFO org.springframework.web.servlet.FrameworkServlet [http-nio-8080-exec-1] Initializing Servlet 'dispatcherServlet'
2020-01-07 16:06:56,277 INFO org.springframework.web.servlet.FrameworkServlet [http-nio-8080-exec-1] Completed initialization in 11 ms
2020-01-07 16:07:49,398 INFO org.springframework.scheduling.concurrent.ExecutorConfigurationSupport [SpringContextShutdownHook] Shutting down ExecutorService 'applicationTaskExecutor'
2020-01-07 16:07:49,399 INFO org.springframework.orm.jpa.AbstractEntityManagerFactoryBean [SpringContextShutdownHook] Closing JPA EntityManagerFactory for persistence unit 'default'
2020-01-07 16:07:49,399 INFO org.hibernate.tool.schema.internal.SchemaDropperImpl$DelayedDropActionImpl [SpringContextShutdownHook] HHH000477: Starting delayed evictData of schema as part of SessionFactory shut-down'
2020-01-07 16:07:49,401 INFO com.zaxxer.hikari.HikariDataSource [SpringContextShutdownHook] HikariPool-1 - Shutdown initiated...
2020-01-07 16:07:49,402 INFO com.zaxxer.hikari.HikariDataSource [SpringContextShutdownHook] HikariPool-1 - Shutdown completed.
2020-01-07 16:07:51,165 INFO org.springframework.boot.StartupInfoLogger [main] Starting ServiceLauncher on krishnakv-m01.vmware.com with PID 96501 (/Users/krishnakumarv/Work/rest-service/target/classes started by krishnakumarv in /Users/krishnakumarv/Work/rest-service)
2020-01-07 16:07:51,168 DEBUG org.springframework.boot.StartupInfoLogger [main] Running with Spring Boot v2.2.2.RELEASE, Spring v5.2.2.RELEASE
2020-01-07 16:07:51,169 INFO org.springframework.boot.SpringApplication [main] No active profile set, falling back to default profiles: default
2020-01-07 16:07:51,918 INFO org.springframework.data.repository.config.RepositoryConfigurationDelegate [main] Bootstrapping Spring Data JPA repositories in DEFAULT mode.
2020-01-07 16:07:51,943 INFO org.springframework.data.repository.config.RepositoryConfigurationDelegate [main] Finished Spring Data repository scanning in 15ms. Found 0 JPA repository interfaces.
2020-01-07 16:07:52,178 INFO org.springframework.context.support.PostProcessorRegistrationDelegate$BeanPostProcessorChecker [main] Bean 'org.springframework.transaction.annotation.ProxyTransactionManagementConfiguration' of type [org.springframework.transaction.annotation.ProxyTransactionManagementConfiguration] is not eligible for getting processed by all BeanPostProcessors (for example: not eligible for auto-proxying)
2020-01-07 16:07:52,351 INFO org.springframework.boot.web.embedded.tomcat.TomcatWebServer [main] Tomcat initialized with port(s): 8080 (http)
2020-01-07 16:07:52,357 INFO org.apache.juli.logging.DirectJDKLog [main] Initializing ProtocolHandler ["http-nio-8080"]
2020-01-07 16:07:52,358 INFO org.apache.juli.logging.DirectJDKLog [main] Starting service [Tomcat]
2020-01-07 16:07:52,358 INFO org.apache.juli.logging.DirectJDKLog [main] Starting Servlet engine: [Apache Tomcat/9.0.29]
2020-01-07 16:07:52,418 INFO org.apache.juli.logging.DirectJDKLog [main] Initializing Spring embedded WebApplicationContext
2020-01-07 16:07:52,418 INFO org.springframework.boot.web.servlet.context.ServletWebServerApplicationContext [main] Root WebApplicationContext: initialization completed in 1150 ms
2020-01-07 16:07:52,447 INFO com.zaxxer.hikari.HikariDataSource [main] HikariPool-1 - Starting...
2020-01-07 16:07:52,526 INFO com.zaxxer.hikari.HikariDataSource [main] HikariPool-1 - Start completed.
2020-01-07 16:07:52,531 INFO org.springframework.boot.autoconfigure.h2.H2ConsoleAutoConfiguration [main] H2 console available at '/h2-console'. Database available at 'jdbc:h2:mem:testdb'
2020-01-07 16:07:52,607 INFO org.hibernate.jpa.internal.util.LogHelper [main] HHH000204: Processing PersistenceUnitInfo [name: default]
2020-01-07 16:07:52,720 INFO org.hibernate.Version [main] HHH000412: Hibernate Core {5.4.9.Final}
2020-01-07 16:07:52,797 INFO org.hibernate.annotations.common.reflection.java.JavaReflectionManager [main] HCANN000001: Hibernate Commons Annotations {5.1.0.Final}
2020-01-07 16:07:52,864 INFO org.hibernate.dialect.Dialect [main] HHH000400: Using dialect: org.hibernate.dialect.H2Dialect
2020-01-07 16:07:52,992 INFO org.hibernate.engine.transaction.jta.platform.internal.JtaPlatformInitiator [main] HHH000490: Using JtaPlatform implementation: [org.hibernate.engine.transaction.jta.platform.internal.NoJtaPlatform]
2020-01-07 16:07:52,997 INFO org.springframework.orm.jpa.AbstractEntityManagerFactoryBean [main] Initialized JPA EntityManagerFactory for persistence unit 'default'
2020-01-07 16:07:53,099 WARN org.springframework.boot.autoconfigure.orm.jpa.JpaBaseConfiguration$JpaWebConfiguration [main] spring.jpa.open-in-view is enabled by default. Therefore, database queries may be performed during view rendering. Explicitly configure spring.jpa.open-in-view to disable this warning
2020-01-07 16:07:53,138 INFO org.springframework.scheduling.concurrent.ExecutorConfigurationSupport [main] Initializing ExecutorService 'applicationTaskExecutor'
2020-01-07 16:07:53,255 INFO org.apache.juli.logging.DirectJDKLog [main] Starting ProtocolHandler ["http-nio-8080"]
2020-01-07 16:07:53,284 INFO org.springframework.boot.web.embedded.tomcat.TomcatWebServer [main] Tomcat started on port(s): 8080 (http) with context path ''
2020-01-07 16:07:53,286 INFO org.springframework.boot.StartupInfoLogger [main] Started ServiceLauncher in 2.628 seconds (JVM running for 3.104)
2020-01-07 16:33:58,965 INFO org.springframework.scheduling.concurrent.ExecutorConfigurationSupport [SpringContextShutdownHook] Shutting down ExecutorService 'applicationTaskExecutor'
2020-01-07 16:33:58,970 INFO org.springframework.orm.jpa.AbstractEntityManagerFactoryBean [SpringContextShutdownHook] Closing JPA EntityManagerFactory for persistence unit 'default'
2020-01-07 16:33:58,972 INFO org.hibernate.tool.schema.internal.SchemaDropperImpl$DelayedDropActionImpl [SpringContextShutdownHook] HHH000477: Starting delayed evictData of schema as part of SessionFactory shut-down'
2020-01-07 16:33:58,978 INFO com.zaxxer.hikari.HikariDataSource [SpringContextShutdownHook] HikariPool-1 - Shutdown initiated...
2020-01-07 16:33:58,981 INFO com.zaxxer.hikari.HikariDataSource [SpringContextShutdownHook] HikariPool-1 - Shutdown completed.
2020-01-07 16:34:05,624 INFO org.springframework.boot.StartupInfoLogger [main] Starting ServiceLauncher on krishnakv-m01.vmware.com with PID 3291 (/Users/krishnakumarv/Work/rest-service/target/classes started by krishnakumarv in /Users/krishnakumarv/Work/rest-service)
2020-01-07 16:34:05,627 DEBUG org.springframework.boot.StartupInfoLogger [main] Running with Spring Boot v2.2.2.RELEASE, Spring v5.2.2.RELEASE
2020-01-07 16:34:05,628 INFO org.springframework.boot.SpringApplication [main] No active profile set, falling back to default profiles: default
2020-01-07 16:34:06,148 INFO org.springframework.data.repository.config.RepositoryConfigurationDelegate [main] Bootstrapping Spring Data JPA repositories in DEFAULT mode.
2020-01-07 16:34:06,195 INFO org.springframework.data.repository.config.RepositoryConfigurationDelegate [main] Finished Spring Data repository scanning in 39ms. Found 1 JPA repository interfaces.
2020-01-07 16:34:06,397 INFO org.springframework.context.support.PostProcessorRegistrationDelegate$BeanPostProcessorChecker [main] Bean 'org.springframework.transaction.annotation.ProxyTransactionManagementConfiguration' of type [org.springframework.transaction.annotation.ProxyTransactionManagementConfiguration] is not eligible for getting processed by all BeanPostProcessors (for example: not eligible for auto-proxying)
2020-01-07 16:34:06,545 INFO org.springframework.boot.web.embedded.tomcat.TomcatWebServer [main] Tomcat initialized with port(s): 8080 (http)
2020-01-07 16:34:06,552 INFO org.apache.juli.logging.DirectJDKLog [main] Initializing ProtocolHandler ["http-nio-8080"]
2020-01-07 16:34:06,552 INFO org.apache.juli.logging.DirectJDKLog [main] Starting service [Tomcat]
2020-01-07 16:34:06,553 INFO org.apache.juli.logging.DirectJDKLog [main] Starting Servlet engine: [Apache Tomcat/9.0.29]
2020-01-07 16:34:06,612 INFO org.apache.juli.logging.DirectJDKLog [main] Initializing Spring embedded WebApplicationContext
2020-01-07 16:34:06,612 INFO org.springframework.boot.web.servlet.context.ServletWebServerApplicationContext [main] Root WebApplicationContext: initialization completed in 933 ms
2020-01-07 16:34:06,644 INFO com.zaxxer.hikari.HikariDataSource [main] HikariPool-1 - Starting...
2020-01-07 16:34:06,720 INFO com.zaxxer.hikari.HikariDataSource [main] HikariPool-1 - Start completed.
2020-01-07 16:34:06,725 INFO org.springframework.boot.autoconfigure.h2.H2ConsoleAutoConfiguration [main] H2 console available at '/h2-console'. Database available at 'jdbc:h2:mem:testdb'
2020-01-07 16:34:06,807 INFO org.hibernate.jpa.internal.util.LogHelper [main] HHH000204: Processing PersistenceUnitInfo [name: default]
2020-01-07 16:34:06,923 INFO org.hibernate.Version [main] HHH000412: Hibernate Core {5.4.9.Final}
2020-01-07 16:34:06,998 INFO org.hibernate.annotations.common.reflection.java.JavaReflectionManager [main] HCANN000001: Hibernate Commons Annotations {5.1.0.Final}
2020-01-07 16:34:07,069 INFO org.hibernate.dialect.Dialect [main] HHH000400: Using dialect: org.hibernate.dialect.H2Dialect
2020-01-07 16:34:07,650 INFO org.hibernate.engine.transaction.jta.platform.internal.JtaPlatformInitiator [main] HHH000490: Using JtaPlatform implementation: [org.hibernate.engine.transaction.jta.platform.internal.NoJtaPlatform]
2020-01-07 16:34:07,655 INFO org.springframework.orm.jpa.AbstractEntityManagerFactoryBean [main] Initialized JPA EntityManagerFactory for persistence unit 'default'
2020-01-07 16:34:07,666 WARN org.springframework.context.support.AbstractApplicationContext [main] Exception encountered during context initialization - cancelling refresh attempt: org.springframework.beans.factory.BeanCreationException: Error creating bean with name 'entityManagerFactory' defined in class path resource [org/springframework/boot/autoconfigure/orm/jpa/HibernateJpaConfiguration.class]: Initialization of bean failed; nested exception is org.springframework.jdbc.datasource.init.ScriptStatementFailedException: Failed to execute SQL script statement #2 of URL [file:/Users/krishnakumarv/Work/rest-service/target/classes/data.sql]: CREATE TABLE price ( id INTEGER PRIMARY KEY, value NUMBER NOT NULL currency_code VARCHAR(250) NOT NULL, ); nested exception is org.h2.jdbc.JdbcSQLSyntaxErrorException: Syntax error in SQL statement "CREATE TABLE PRICE ( ID INTEGER PRIMARY KEY, VALUE NUMBER NOT NULL CURRENCY_CODE[*] VARCHAR(250) NOT NULL, )"; expected "AS, DEFAULT, GENERATED, ON, NOT, NULL, AUTO_INCREMENT, BIGSERIAL, SERIAL, IDENTITY, NULL_TO_DEFAULT, SEQUENCE, SELECTIVITY, COMMENT, CONSTRAINT, PRIMARY, UNIQUE, NOT, NULL, COMMENT, CHECK, REFERENCES, ,, )"; SQL statement:
CREATE TABLE price ( id INTEGER PRIMARY KEY, value NUMBER NOT NULL currency_code VARCHAR(250) NOT NULL, ) [42001-200]
2020-01-07 16:34:07,667 INFO com.zaxxer.hikari.HikariDataSource [main] HikariPool-1 - Shutdown initiated...
2020-01-07 16:34:07,668 INFO com.zaxxer.hikari.HikariDataSource [main] HikariPool-1 - Shutdown completed.
2020-01-07 16:34:07,670 INFO org.apache.juli.logging.DirectJDKLog [main] Stopping service [Tomcat]
2020-01-07 16:34:07,677 INFO org.springframework.boot.autoconfigure.logging.ConditionEvaluationReportLoggingListener [main] 

Error starting ApplicationContext. To display the conditions report re-run your application with 'debug' enabled.
2020-01-07 16:34:07,683 ERROR org.springframework.boot.SpringApplication [main] Application run failed
org.springframework.beans.factory.BeanCreationException: Error creating bean with name 'entityManagerFactory' defined in class path resource [org/springframework/boot/autoconfigure/orm/jpa/HibernateJpaConfiguration.class]: Initialization of bean failed; nested exception is org.springframework.jdbc.datasource.init.ScriptStatementFailedException: Failed to execute SQL script statement #2 of URL [file:/Users/krishnakumarv/Work/rest-service/target/classes/data.sql]: CREATE TABLE price ( id INTEGER PRIMARY KEY, value NUMBER NOT NULL currency_code VARCHAR(250) NOT NULL, ); nested exception is org.h2.jdbc.JdbcSQLSyntaxErrorException: Syntax error in SQL statement "CREATE TABLE PRICE ( ID INTEGER PRIMARY KEY, VALUE NUMBER NOT NULL CURRENCY_CODE[*] VARCHAR(250) NOT NULL, )"; expected "AS, DEFAULT, GENERATED, ON, NOT, NULL, AUTO_INCREMENT, BIGSERIAL, SERIAL, IDENTITY, NULL_TO_DEFAULT, SEQUENCE, SELECTIVITY, COMMENT, CONSTRAINT, PRIMARY, UNIQUE, NOT, NULL, COMMENT, CHECK, REFERENCES, ,, )"; SQL statement:
CREATE TABLE price ( id INTEGER PRIMARY KEY, value NUMBER NOT NULL currency_code VARCHAR(250) NOT NULL, ) [42001-200]
	at org.springframework.beans.factory.support.AbstractAutowireCapableBeanFactory.doCreateBean(AbstractAutowireCapableBeanFactory.java:603)
	at org.springframework.beans.factory.support.AbstractAutowireCapableBeanFactory.createBean(AbstractAutowireCapableBeanFactory.java:517)
	at org.springframework.beans.factory.support.AbstractBeanFactory.lambda$doGetBean$0(AbstractBeanFactory.java:323)
	at org.springframework.beans.factory.support.DefaultSingletonBeanRegistry.getSingleton(DefaultSingletonBeanRegistry.java:222)
	at org.springframework.beans.factory.support.AbstractBeanFactory.doGetBean(AbstractBeanFactory.java:321)
	at org.springframework.beans.factory.support.AbstractBeanFactory.getBean(AbstractBeanFactory.java:202)
	at org.springframework.context.support.AbstractApplicationContext.getBean(AbstractApplicationContext.java:1108)
	at org.springframework.context.support.AbstractApplicationContext.finishBeanFactoryInitialization(AbstractApplicationContext.java:868)
	at org.springframework.context.support.AbstractApplicationContext.refresh(AbstractApplicationContext.java:550)
	at org.springframework.boot.web.servlet.context.ServletWebServerApplicationContext.refresh(ServletWebServerApplicationContext.java:141)
	at org.springframework.boot.SpringApplication.refresh(SpringApplication.java:747)
	at org.springframework.boot.SpringApplication.refreshContext(SpringApplication.java:397)
	at org.springframework.boot.SpringApplication.run(SpringApplication.java:315)
	at org.springframework.boot.SpringApplication.run(SpringApplication.java:1226)
	at org.springframework.boot.SpringApplication.run(SpringApplication.java:1215)
	at com.myretail.restservice.ServiceLauncher.main(ServiceLauncher.java:10)
Caused by: org.springframework.jdbc.datasource.init.ScriptStatementFailedException: Failed to execute SQL script statement #2 of URL [file:/Users/krishnakumarv/Work/rest-service/target/classes/data.sql]: CREATE TABLE price ( id INTEGER PRIMARY KEY, value NUMBER NOT NULL currency_code VARCHAR(250) NOT NULL, ); nested exception is org.h2.jdbc.JdbcSQLSyntaxErrorException: Syntax error in SQL statement "CREATE TABLE PRICE ( ID INTEGER PRIMARY KEY, VALUE NUMBER NOT NULL CURRENCY_CODE[*] VARCHAR(250) NOT NULL, )"; expected "AS, DEFAULT, GENERATED, ON, NOT, NULL, AUTO_INCREMENT, BIGSERIAL, SERIAL, IDENTITY, NULL_TO_DEFAULT, SEQUENCE, SELECTIVITY, COMMENT, CONSTRAINT, PRIMARY, UNIQUE, NOT, NULL, COMMENT, CHECK, REFERENCES, ,, )"; SQL statement:
CREATE TABLE price ( id INTEGER PRIMARY KEY, value NUMBER NOT NULL currency_code VARCHAR(250) NOT NULL, ) [42001-200]
	at org.springframework.jdbc.datasource.init.ScriptUtils.executeSqlScript(ScriptUtils.java:626)
	at org.springframework.jdbc.datasource.init.ResourceDatabasePopulator.populate(ResourceDatabasePopulator.java:254)
	at org.springframework.jdbc.datasource.init.DatabasePopulatorUtils.execute(DatabasePopulatorUtils.java:49)
	at org.springframework.boot.autoconfigure.jdbc.DataSourceInitializer.runScripts(DataSourceInitializer.java:202)
	at org.springframework.boot.autoconfigure.jdbc.DataSourceInitializer.initSchema(DataSourceInitializer.java:119)
	at org.springframework.boot.autoconfigure.jdbc.DataSourceInitializerInvoker.onApplicationEvent(DataSourceInitializerInvoker.java:91)
	at org.springframework.boot.autoconfigure.jdbc.DataSourceInitializerInvoker.onApplicationEvent(DataSourceInitializerInvoker.java:38)
	at org.springframework.context.event.SimpleApplicationEventMulticaster.doInvokeListener(SimpleApplicationEventMulticaster.java:172)
	at org.springframework.context.event.SimpleApplicationEventMulticaster.invokeListener(SimpleApplicationEventMulticaster.java:165)
	at org.springframework.context.event.SimpleApplicationEventMulticaster.multicastEvent(SimpleApplicationEventMulticaster.java:139)
	at org.springframework.context.support.AbstractApplicationContext.publishEvent(AbstractApplicationContext.java:403)
	at org.springframework.context.support.AbstractApplicationContext.publishEvent(AbstractApplicationContext.java:360)
	at org.springframework.boot.autoconfigure.orm.jpa.DataSourceInitializedPublisher.publishEventIfRequired(DataSourceInitializedPublisher.java:99)
	at org.springframework.boot.autoconfigure.orm.jpa.DataSourceInitializedPublisher.postProcessAfterInitialization(DataSourceInitializedPublisher.java:90)
	at org.springframework.beans.factory.support.AbstractAutowireCapableBeanFactory.applyBeanPostProcessorsAfterInitialization(AbstractAutowireCapableBeanFactory.java:431)
	at org.springframework.beans.factory.support.AbstractAutowireCapableBeanFactory.initializeBean(AbstractAutowireCapableBeanFactory.java:1800)
	at org.springframework.beans.factory.support.AbstractAutowireCapableBeanFactory.doCreateBean(AbstractAutowireCapableBeanFactory.java:595)
	... 15 common frames omitted
Caused by: org.h2.jdbc.JdbcSQLSyntaxErrorException: Syntax error in SQL statement "CREATE TABLE PRICE ( ID INTEGER PRIMARY KEY, VALUE NUMBER NOT NULL CURRENCY_CODE[*] VARCHAR(250) NOT NULL, )"; expected "AS, DEFAULT, GENERATED, ON, NOT, NULL, AUTO_INCREMENT, BIGSERIAL, SERIAL, IDENTITY, NULL_TO_DEFAULT, SEQUENCE, SELECTIVITY, COMMENT, CONSTRAINT, PRIMARY, UNIQUE, NOT, NULL, COMMENT, CHECK, REFERENCES, ,, )"; SQL statement:
CREATE TABLE price ( id INTEGER PRIMARY KEY, value NUMBER NOT NULL currency_code VARCHAR(250) NOT NULL, ) [42001-200]
	at org.h2.message.DbException.getJdbcSQLException(DbException.java:453)
	at org.h2.message.DbException.getJdbcSQLException(DbException.java:429)
	at org.h2.message.DbException.getSyntaxError(DbException.java:243)
	at org.h2.command.Parser.getSyntaxError(Parser.java:1053)
	at org.h2.command.Parser.read(Parser.java:4995)
	at org.h2.command.Parser.readIfMore(Parser.java:1462)
	at org.h2.command.Parser.parseCreateTable(Parser.java:8380)
	at org.h2.command.Parser.parseCreate(Parser.java:6276)
	at org.h2.command.Parser.parsePrepared(Parser.java:903)
	at org.h2.command.Parser.parse(Parser.java:843)
	at org.h2.command.Parser.parse(Parser.java:819)
	at org.h2.command.Parser.prepareCommand(Parser.java:738)
	at org.h2.engine.Session.prepareLocal(Session.java:657)
	at org.h2.engine.Session.prepareCommand(Session.java:595)
	at org.h2.jdbc.JdbcConnection.prepareCommand(JdbcConnection.java:1235)
	at org.h2.jdbc.JdbcStatement.executeInternal(JdbcStatement.java:212)
	at org.h2.jdbc.JdbcStatement.execute(JdbcStatement.java:201)
	at com.zaxxer.hikari.pool.ProxyStatement.execute(ProxyStatement.java:95)
	at com.zaxxer.hikari.pool.HikariProxyStatement.execute(HikariProxyStatement.java)
	at org.springframework.jdbc.datasource.init.ScriptUtils.executeSqlScript(ScriptUtils.java:605)
	... 31 common frames omitted
2020-01-07 16:34:43,452 INFO org.springframework.boot.StartupInfoLogger [main] Starting ServiceLauncher on krishnakv-m01.vmware.com with PID 3407 (/Users/krishnakumarv/Work/rest-service/target/classes started by krishnakumarv in /Users/krishnakumarv/Work/rest-service)
2020-01-07 16:34:43,456 DEBUG org.springframework.boot.StartupInfoLogger [main] Running with Spring Boot v2.2.2.RELEASE, Spring v5.2.2.RELEASE
2020-01-07 16:34:43,456 INFO org.springframework.boot.SpringApplication [main] No active profile set, falling back to default profiles: default
2020-01-07 16:34:43,979 INFO org.springframework.data.repository.config.RepositoryConfigurationDelegate [main] Bootstrapping Spring Data JPA repositories in DEFAULT mode.
2020-01-07 16:34:44,032 INFO org.springframework.data.repository.config.RepositoryConfigurationDelegate [main] Finished Spring Data repository scanning in 45ms. Found 1 JPA repository interfaces.
2020-01-07 16:34:44,240 INFO org.springframework.context.support.PostProcessorRegistrationDelegate$BeanPostProcessorChecker [main] Bean 'org.springframework.transaction.annotation.ProxyTransactionManagementConfiguration' of type [org.springframework.transaction.annotation.ProxyTransactionManagementConfiguration] is not eligible for getting processed by all BeanPostProcessors (for example: not eligible for auto-proxying)
2020-01-07 16:34:44,399 INFO org.springframework.boot.web.embedded.tomcat.TomcatWebServer [main] Tomcat initialized with port(s): 8080 (http)
2020-01-07 16:34:44,405 INFO org.apache.juli.logging.DirectJDKLog [main] Initializing ProtocolHandler ["http-nio-8080"]
2020-01-07 16:34:44,406 INFO org.apache.juli.logging.DirectJDKLog [main] Starting service [Tomcat]
2020-01-07 16:34:44,406 INFO org.apache.juli.logging.DirectJDKLog [main] Starting Servlet engine: [Apache Tomcat/9.0.29]
2020-01-07 16:34:44,466 INFO org.apache.juli.logging.DirectJDKLog [main] Initializing Spring embedded WebApplicationContext
2020-01-07 16:34:44,467 INFO org.springframework.boot.web.servlet.context.ServletWebServerApplicationContext [main] Root WebApplicationContext: initialization completed in 964 ms
2020-01-07 16:34:44,499 INFO com.zaxxer.hikari.HikariDataSource [main] HikariPool-1 - Starting...
2020-01-07 16:34:44,575 INFO com.zaxxer.hikari.HikariDataSource [main] HikariPool-1 - Start completed.
2020-01-07 16:34:44,579 INFO org.springframework.boot.autoconfigure.h2.H2ConsoleAutoConfiguration [main] H2 console available at '/h2-console'. Database available at 'jdbc:h2:mem:testdb'
2020-01-07 16:34:44,731 INFO org.hibernate.jpa.internal.util.LogHelper [main] HHH000204: Processing PersistenceUnitInfo [name: default]
2020-01-07 16:34:44,773 INFO org.hibernate.Version [main] HHH000412: Hibernate Core {5.4.9.Final}
2020-01-07 16:34:44,847 INFO org.hibernate.annotations.common.reflection.java.JavaReflectionManager [main] HCANN000001: Hibernate Commons Annotations {5.1.0.Final}
2020-01-07 16:34:44,913 INFO org.hibernate.dialect.Dialect [main] HHH000400: Using dialect: org.hibernate.dialect.H2Dialect
2020-01-07 16:34:45,294 INFO org.hibernate.engine.transaction.jta.platform.internal.JtaPlatformInitiator [main] HHH000490: Using JtaPlatform implementation: [org.hibernate.engine.transaction.jta.platform.internal.NoJtaPlatform]
2020-01-07 16:34:45,299 INFO org.springframework.orm.jpa.AbstractEntityManagerFactoryBean [main] Initialized JPA EntityManagerFactory for persistence unit 'default'
2020-01-07 16:34:45,317 WARN org.springframework.context.support.AbstractApplicationContext [main] Exception encountered during context initialization - cancelling refresh attempt: org.springframework.beans.factory.BeanCreationException: Error creating bean with name 'entityManagerFactory' defined in class path resource [org/springframework/boot/autoconfigure/orm/jpa/HibernateJpaConfiguration.class]: Initialization of bean failed; nested exception is org.springframework.jdbc.datasource.init.ScriptStatementFailedException: Failed to execute SQL script statement #3 of URL [file:/Users/krishnakumarv/Work/rest-service/target/classes/data.sql]: INSERT INTO billionaires (first_name, last_name, career) VALUES ('Aliko', 'Dangote', 'Billionaire Industrialist'), ('Bill', 'Gates', 'Billionaire Tech Entrepreneur'), ('Folrunsho', 'Alakija', 'Billionaire Oil Magnate'); nested exception is org.h2.jdbc.JdbcSQLSyntaxErrorException: Table "BILLIONAIRES" not found; SQL statement:
INSERT INTO billionaires (first_name, last_name, career) VALUES ('Aliko', 'Dangote', 'Billionaire Industrialist'), ('Bill', 'Gates', 'Billionaire Tech Entrepreneur'), ('Folrunsho', 'Alakija', 'Billionaire Oil Magnate') [42102-200]
2020-01-07 16:34:45,318 INFO com.zaxxer.hikari.HikariDataSource [main] HikariPool-1 - Shutdown initiated...
2020-01-07 16:34:45,319 INFO com.zaxxer.hikari.HikariDataSource [main] HikariPool-1 - Shutdown completed.
2020-01-07 16:34:45,321 INFO org.apache.juli.logging.DirectJDKLog [main] Stopping service [Tomcat]
2020-01-07 16:34:45,329 INFO org.springframework.boot.autoconfigure.logging.ConditionEvaluationReportLoggingListener [main] 

Error starting ApplicationContext. To display the conditions report re-run your application with 'debug' enabled.
2020-01-07 16:34:45,336 ERROR org.springframework.boot.SpringApplication [main] Application run failed
org.springframework.beans.factory.BeanCreationException: Error creating bean with name 'entityManagerFactory' defined in class path resource [org/springframework/boot/autoconfigure/orm/jpa/HibernateJpaConfiguration.class]: Initialization of bean failed; nested exception is org.springframework.jdbc.datasource.init.ScriptStatementFailedException: Failed to execute SQL script statement #3 of URL [file:/Users/krishnakumarv/Work/rest-service/target/classes/data.sql]: INSERT INTO billionaires (first_name, last_name, career) VALUES ('Aliko', 'Dangote', 'Billionaire Industrialist'), ('Bill', 'Gates', 'Billionaire Tech Entrepreneur'), ('Folrunsho', 'Alakija', 'Billionaire Oil Magnate'); nested exception is org.h2.jdbc.JdbcSQLSyntaxErrorException: Table "BILLIONAIRES" not found; SQL statement:
INSERT INTO billionaires (first_name, last_name, career) VALUES ('Aliko', 'Dangote', 'Billionaire Industrialist'), ('Bill', 'Gates', 'Billionaire Tech Entrepreneur'), ('Folrunsho', 'Alakija', 'Billionaire Oil Magnate') [42102-200]
	at org.springframework.beans.factory.support.AbstractAutowireCapableBeanFactory.doCreateBean(AbstractAutowireCapableBeanFactory.java:603)
	at org.springframework.beans.factory.support.AbstractAutowireCapableBeanFactory.createBean(AbstractAutowireCapableBeanFactory.java:517)
	at org.springframework.beans.factory.support.AbstractBeanFactory.lambda$doGetBean$0(AbstractBeanFactory.java:323)
	at org.springframework.beans.factory.support.DefaultSingletonBeanRegistry.getSingleton(DefaultSingletonBeanRegistry.java:222)
	at org.springframework.beans.factory.support.AbstractBeanFactory.doGetBean(AbstractBeanFactory.java:321)
	at org.springframework.beans.factory.support.AbstractBeanFactory.getBean(AbstractBeanFactory.java:202)
	at org.springframework.context.support.AbstractApplicationContext.getBean(AbstractApplicationContext.java:1108)
	at org.springframework.context.support.AbstractApplicationContext.finishBeanFactoryInitialization(AbstractApplicationContext.java:868)
	at org.springframework.context.support.AbstractApplicationContext.refresh(AbstractApplicationContext.java:550)
	at org.springframework.boot.web.servlet.context.ServletWebServerApplicationContext.refresh(ServletWebServerApplicationContext.java:141)
	at org.springframework.boot.SpringApplication.refresh(SpringApplication.java:747)
	at org.springframework.boot.SpringApplication.refreshContext(SpringApplication.java:397)
	at org.springframework.boot.SpringApplication.run(SpringApplication.java:315)
	at org.springframework.boot.SpringApplication.run(SpringApplication.java:1226)
	at org.springframework.boot.SpringApplication.run(SpringApplication.java:1215)
	at com.myretail.restservice.ServiceLauncher.main(ServiceLauncher.java:10)
Caused by: org.springframework.jdbc.datasource.init.ScriptStatementFailedException: Failed to execute SQL script statement #3 of URL [file:/Users/krishnakumarv/Work/rest-service/target/classes/data.sql]: INSERT INTO billionaires (first_name, last_name, career) VALUES ('Aliko', 'Dangote', 'Billionaire Industrialist'), ('Bill', 'Gates', 'Billionaire Tech Entrepreneur'), ('Folrunsho', 'Alakija', 'Billionaire Oil Magnate'); nested exception is org.h2.jdbc.JdbcSQLSyntaxErrorException: Table "BILLIONAIRES" not found; SQL statement:
INSERT INTO billionaires (first_name, last_name, career) VALUES ('Aliko', 'Dangote', 'Billionaire Industrialist'), ('Bill', 'Gates', 'Billionaire Tech Entrepreneur'), ('Folrunsho', 'Alakija', 'Billionaire Oil Magnate') [42102-200]
	at org.springframework.jdbc.datasource.init.ScriptUtils.executeSqlScript(ScriptUtils.java:626)
	at org.springframework.jdbc.datasource.init.ResourceDatabasePopulator.populate(ResourceDatabasePopulator.java:254)
	at org.springframework.jdbc.datasource.init.DatabasePopulatorUtils.execute(DatabasePopulatorUtils.java:49)
	at org.springframework.boot.autoconfigure.jdbc.DataSourceInitializer.runScripts(DataSourceInitializer.java:202)
	at org.springframework.boot.autoconfigure.jdbc.DataSourceInitializer.initSchema(DataSourceInitializer.java:119)
	at org.springframework.boot.autoconfigure.jdbc.DataSourceInitializerInvoker.onApplicationEvent(DataSourceInitializerInvoker.java:91)
	at org.springframework.boot.autoconfigure.jdbc.DataSourceInitializerInvoker.onApplicationEvent(DataSourceInitializerInvoker.java:38)
	at org.springframework.context.event.SimpleApplicationEventMulticaster.doInvokeListener(SimpleApplicationEventMulticaster.java:172)
	at org.springframework.context.event.SimpleApplicationEventMulticaster.invokeListener(SimpleApplicationEventMulticaster.java:165)
	at org.springframework.context.event.SimpleApplicationEventMulticaster.multicastEvent(SimpleApplicationEventMulticaster.java:139)
	at org.springframework.context.support.AbstractApplicationContext.publishEvent(AbstractApplicationContext.java:403)
	at org.springframework.context.support.AbstractApplicationContext.publishEvent(AbstractApplicationContext.java:360)
	at org.springframework.boot.autoconfigure.orm.jpa.DataSourceInitializedPublisher.publishEventIfRequired(DataSourceInitializedPublisher.java:99)
	at org.springframework.boot.autoconfigure.orm.jpa.DataSourceInitializedPublisher.postProcessAfterInitialization(DataSourceInitializedPublisher.java:90)
	at org.springframework.beans.factory.support.AbstractAutowireCapableBeanFactory.applyBeanPostProcessorsAfterInitialization(AbstractAutowireCapableBeanFactory.java:431)
	at org.springframework.beans.factory.support.AbstractAutowireCapableBeanFactory.initializeBean(AbstractAutowireCapableBeanFactory.java:1800)
	at org.springframework.beans.factory.support.AbstractAutowireCapableBeanFactory.doCreateBean(AbstractAutowireCapableBeanFactory.java:595)
	... 15 common frames omitted
Caused by: org.h2.jdbc.JdbcSQLSyntaxErrorException: Table "BILLIONAIRES" not found; SQL statement:
INSERT INTO billionaires (first_name, last_name, career) VALUES ('Aliko', 'Dangote', 'Billionaire Industrialist'), ('Bill', 'Gates', 'Billionaire Tech Entrepreneur'), ('Folrunsho', 'Alakija', 'Billionaire Oil Magnate') [42102-200]
	at org.h2.message.DbException.getJdbcSQLException(DbException.java:453)
	at org.h2.message.DbException.getJdbcSQLException(DbException.java:429)
	at org.h2.message.DbException.get(DbException.java:205)
	at org.h2.message.DbException.get(DbException.java:181)
	at org.h2.command.Parser.readTableOrView(Parser.java:7628)
	at org.h2.command.Parser.readTableOrView(Parser.java:7599)
	at org.h2.command.Parser.parseInsert(Parser.java:1747)
	at org.h2.command.Parser.parsePrepared(Parser.java:954)
	at org.h2.command.Parser.parse(Parser.java:843)
	at org.h2.command.Parser.parse(Parser.java:815)
	at org.h2.command.Parser.prepareCommand(Parser.java:738)
	at org.h2.engine.Session.prepareLocal(Session.java:657)
	at org.h2.engine.Session.prepareCommand(Session.java:595)
	at org.h2.jdbc.JdbcConnection.prepareCommand(JdbcConnection.java:1235)
	at org.h2.jdbc.JdbcStatement.executeInternal(JdbcStatement.java:212)
	at org.h2.jdbc.JdbcStatement.execute(JdbcStatement.java:201)
	at com.zaxxer.hikari.pool.ProxyStatement.execute(ProxyStatement.java:95)
	at com.zaxxer.hikari.pool.HikariProxyStatement.execute(HikariProxyStatement.java)
	at org.springframework.jdbc.datasource.init.ScriptUtils.executeSqlScript(ScriptUtils.java:605)
	... 31 common frames omitted
2020-01-07 16:36:49,882 INFO org.springframework.boot.StartupInfoLogger [main] Starting ServiceLauncher on krishnakv-m01.vmware.com with PID 4149 (/Users/krishnakumarv/Work/rest-service/target/classes started by krishnakumarv in /Users/krishnakumarv/Work/rest-service)
2020-01-07 16:36:49,886 DEBUG org.springframework.boot.StartupInfoLogger [main] Running with Spring Boot v2.2.2.RELEASE, Spring v5.2.2.RELEASE
2020-01-07 16:36:49,886 INFO org.springframework.boot.SpringApplication [main] No active profile set, falling back to default profiles: default
2020-01-07 16:36:50,421 INFO org.springframework.data.repository.config.RepositoryConfigurationDelegate [main] Bootstrapping Spring Data JPA repositories in DEFAULT mode.
2020-01-07 16:36:50,468 INFO org.springframework.data.repository.config.RepositoryConfigurationDelegate [main] Finished Spring Data repository scanning in 40ms. Found 1 JPA repository interfaces.
2020-01-07 16:36:50,663 INFO org.springframework.context.support.PostProcessorRegistrationDelegate$BeanPostProcessorChecker [main] Bean 'org.springframework.transaction.annotation.ProxyTransactionManagementConfiguration' of type [org.springframework.transaction.annotation.ProxyTransactionManagementConfiguration] is not eligible for getting processed by all BeanPostProcessors (for example: not eligible for auto-proxying)
2020-01-07 16:36:50,816 INFO org.springframework.boot.web.embedded.tomcat.TomcatWebServer [main] Tomcat initialized with port(s): 8080 (http)
2020-01-07 16:36:50,822 INFO org.apache.juli.logging.DirectJDKLog [main] Initializing ProtocolHandler ["http-nio-8080"]
2020-01-07 16:36:50,823 INFO org.apache.juli.logging.DirectJDKLog [main] Starting service [Tomcat]
2020-01-07 16:36:50,823 INFO org.apache.juli.logging.DirectJDKLog [main] Starting Servlet engine: [Apache Tomcat/9.0.29]
2020-01-07 16:36:50,887 INFO org.apache.juli.logging.DirectJDKLog [main] Initializing Spring embedded WebApplicationContext
2020-01-07 16:36:50,887 INFO org.springframework.boot.web.servlet.context.ServletWebServerApplicationContext [main] Root WebApplicationContext: initialization completed in 960 ms
2020-01-07 16:36:50,917 INFO com.zaxxer.hikari.HikariDataSource [main] HikariPool-1 - Starting...
2020-01-07 16:36:50,992 INFO com.zaxxer.hikari.HikariDataSource [main] HikariPool-1 - Start completed.
2020-01-07 16:36:50,996 INFO org.springframework.boot.autoconfigure.h2.H2ConsoleAutoConfiguration [main] H2 console available at '/h2-console'. Database available at 'jdbc:h2:mem:testdb'
2020-01-07 16:36:51,140 INFO org.hibernate.jpa.internal.util.LogHelper [main] HHH000204: Processing PersistenceUnitInfo [name: default]
2020-01-07 16:36:51,185 INFO org.hibernate.Version [main] HHH000412: Hibernate Core {5.4.9.Final}
2020-01-07 16:36:51,259 INFO org.hibernate.annotations.common.reflection.java.JavaReflectionManager [main] HCANN000001: Hibernate Commons Annotations {5.1.0.Final}
2020-01-07 16:36:51,324 INFO org.hibernate.dialect.Dialect [main] HHH000400: Using dialect: org.hibernate.dialect.H2Dialect
2020-01-07 16:36:51,708 INFO org.hibernate.engine.transaction.jta.platform.internal.JtaPlatformInitiator [main] HHH000490: Using JtaPlatform implementation: [org.hibernate.engine.transaction.jta.platform.internal.NoJtaPlatform]
2020-01-07 16:36:51,713 INFO org.springframework.orm.jpa.AbstractEntityManagerFactoryBean [main] Initialized JPA EntityManagerFactory for persistence unit 'default'
2020-01-07 16:36:51,989 WARN org.springframework.boot.autoconfigure.orm.jpa.JpaBaseConfiguration$JpaWebConfiguration [main] spring.jpa.open-in-view is enabled by default. Therefore, database queries may be performed during view rendering. Explicitly configure spring.jpa.open-in-view to disable this warning
2020-01-07 16:36:52,034 INFO org.springframework.scheduling.concurrent.ExecutorConfigurationSupport [main] Initializing ExecutorService 'applicationTaskExecutor'
2020-01-07 16:36:52,161 INFO org.apache.juli.logging.DirectJDKLog [main] Starting ProtocolHandler ["http-nio-8080"]
2020-01-07 16:36:52,190 INFO org.springframework.boot.web.embedded.tomcat.TomcatWebServer [main] Tomcat started on port(s): 8080 (http) with context path ''
2020-01-07 16:36:52,192 INFO org.springframework.boot.StartupInfoLogger [main] Started ServiceLauncher in 2.647 seconds (JVM running for 3.088)
2020-01-07 16:38:06,634 INFO org.springframework.scheduling.concurrent.ExecutorConfigurationSupport [SpringContextShutdownHook] Shutting down ExecutorService 'applicationTaskExecutor'
2020-01-07 16:38:06,637 INFO org.springframework.orm.jpa.AbstractEntityManagerFactoryBean [SpringContextShutdownHook] Closing JPA EntityManagerFactory for persistence unit 'default'
2020-01-07 16:38:06,638 INFO org.hibernate.tool.schema.internal.SchemaDropperImpl$DelayedDropActionImpl [SpringContextShutdownHook] HHH000477: Starting delayed evictData of schema as part of SessionFactory shut-down'
2020-01-07 16:38:06,641 INFO com.zaxxer.hikari.HikariDataSource [SpringContextShutdownHook] HikariPool-1 - Shutdown initiated...
2020-01-07 16:38:06,644 INFO com.zaxxer.hikari.HikariDataSource [SpringContextShutdownHook] HikariPool-1 - Shutdown completed.
2020-01-07 16:38:08,617 INFO org.springframework.boot.StartupInfoLogger [main] Starting ServiceLauncher on krishnakv-m01.vmware.com with PID 4410 (/Users/krishnakumarv/Work/rest-service/target/classes started by krishnakumarv in /Users/krishnakumarv/Work/rest-service)
2020-01-07 16:38:08,620 DEBUG org.springframework.boot.StartupInfoLogger [main] Running with Spring Boot v2.2.2.RELEASE, Spring v5.2.2.RELEASE
2020-01-07 16:38:08,621 INFO org.springframework.boot.SpringApplication [main] No active profile set, falling back to default profiles: default
2020-01-07 16:38:09,172 INFO org.springframework.data.repository.config.RepositoryConfigurationDelegate [main] Bootstrapping Spring Data JPA repositories in DEFAULT mode.
2020-01-07 16:38:09,225 INFO org.springframework.data.repository.config.RepositoryConfigurationDelegate [main] Finished Spring Data repository scanning in 44ms. Found 1 JPA repository interfaces.
2020-01-07 16:38:09,448 INFO org.springframework.context.support.PostProcessorRegistrationDelegate$BeanPostProcessorChecker [main] Bean 'org.springframework.transaction.annotation.ProxyTransactionManagementConfiguration' of type [org.springframework.transaction.annotation.ProxyTransactionManagementConfiguration] is not eligible for getting processed by all BeanPostProcessors (for example: not eligible for auto-proxying)
2020-01-07 16:38:09,617 INFO org.springframework.boot.web.embedded.tomcat.TomcatWebServer [main] Tomcat initialized with port(s): 8080 (http)
2020-01-07 16:38:09,624 INFO org.apache.juli.logging.DirectJDKLog [main] Initializing ProtocolHandler ["http-nio-8080"]
2020-01-07 16:38:09,625 INFO org.apache.juli.logging.DirectJDKLog [main] Starting service [Tomcat]
2020-01-07 16:38:09,625 INFO org.apache.juli.logging.DirectJDKLog [main] Starting Servlet engine: [Apache Tomcat/9.0.29]
2020-01-07 16:38:09,688 INFO org.apache.juli.logging.DirectJDKLog [main] Initializing Spring embedded WebApplicationContext
2020-01-07 16:38:09,689 INFO org.springframework.boot.web.servlet.context.ServletWebServerApplicationContext [main] Root WebApplicationContext: initialization completed in 1018 ms
2020-01-07 16:38:09,721 INFO com.zaxxer.hikari.HikariDataSource [main] HikariPool-1 - Starting...
2020-01-07 16:38:09,798 INFO com.zaxxer.hikari.HikariDataSource [main] HikariPool-1 - Start completed.
2020-01-07 16:38:09,803 INFO org.springframework.boot.autoconfigure.h2.H2ConsoleAutoConfiguration [main] H2 console available at '/h2-console'. Database available at 'jdbc:h2:mem:testdb'
2020-01-07 16:38:09,889 INFO org.hibernate.jpa.internal.util.LogHelper [main] HHH000204: Processing PersistenceUnitInfo [name: default]
2020-01-07 16:38:10,012 INFO org.hibernate.Version [main] HHH000412: Hibernate Core {5.4.9.Final}
2020-01-07 16:38:10,090 INFO org.hibernate.annotations.common.reflection.java.JavaReflectionManager [main] HCANN000001: Hibernate Commons Annotations {5.1.0.Final}
2020-01-07 16:38:10,157 INFO org.hibernate.dialect.Dialect [main] HHH000400: Using dialect: org.hibernate.dialect.H2Dialect
2020-01-07 16:38:10,577 INFO org.hibernate.engine.transaction.jta.platform.internal.JtaPlatformInitiator [main] HHH000490: Using JtaPlatform implementation: [org.hibernate.engine.transaction.jta.platform.internal.NoJtaPlatform]
2020-01-07 16:38:10,582 INFO org.springframework.orm.jpa.AbstractEntityManagerFactoryBean [main] Initialized JPA EntityManagerFactory for persistence unit 'default'
2020-01-07 16:38:10,866 WARN org.springframework.boot.autoconfigure.orm.jpa.JpaBaseConfiguration$JpaWebConfiguration [main] spring.jpa.open-in-view is enabled by default. Therefore, database queries may be performed during view rendering. Explicitly configure spring.jpa.open-in-view to disable this warning
2020-01-07 16:38:10,919 INFO org.springframework.scheduling.concurrent.ExecutorConfigurationSupport [main] Initializing ExecutorService 'applicationTaskExecutor'
2020-01-07 16:38:11,063 INFO org.apache.juli.logging.DirectJDKLog [main] Starting ProtocolHandler ["http-nio-8080"]
2020-01-07 16:38:11,095 INFO org.springframework.boot.web.embedded.tomcat.TomcatWebServer [main] Tomcat started on port(s): 8080 (http) with context path ''
2020-01-07 16:38:11,097 INFO org.springframework.boot.StartupInfoLogger [main] Started ServiceLauncher in 2.874 seconds (JVM running for 3.404)
2020-01-07 16:38:38,939 INFO org.apache.juli.logging.DirectJDKLog [http-nio-8080-exec-1] Initializing Spring DispatcherServlet 'dispatcherServlet'
2020-01-07 16:38:38,940 INFO org.springframework.web.servlet.FrameworkServlet [http-nio-8080-exec-1] Initializing Servlet 'dispatcherServlet'
2020-01-07 16:38:38,946 INFO org.springframework.web.servlet.FrameworkServlet [http-nio-8080-exec-1] Completed initialization in 6 ms
2020-01-07 16:38:38,973 DEBUG com.myretail.restservice.controller.ProductController [http-nio-8080-exec-1] Request to get the product details for the id: 13860428
2020-01-07 16:38:38,973 DEBUG com.myretail.restservice.service.ProductService [http-nio-8080-exec-1] Fetching product details for id: 13860428
2020-01-07 16:38:38,974 DEBUG com.myretail.restservice.service.ExternalApiService [http-nio-8080-exec-1] Making rest call to url: https://redsky.target.com/v2/pdp/tcin/13860428?excludes=taxonomy,price,promotion,bulk_ship,rating_and_review_reviews,rating_and_review_statistics,question_answer_statistics
2020-01-07 16:38:39,820 INFO com.myretail.restservice.service.ExternalApiService [http-nio-8080-exec-1] Name is: The Big Lebowski (Blu-ray)
